# JRE version: OpenJDK Runtime Environment (17.0.6) (build 17.0.6+0-b2043.56-10027231)
# Java VM: OpenJDK 64-Bit Server VM (17.0.6+0-b2043.56-10027231, mixed mode, tiered, compressed oops, compressed class ptrs, g1 gc, windows-amd64)
GC Precious Log:
 CPUs: 12 total, 12 available
 Memory: 15765M
 Large Page Support: Disabled
 NUMA Support: Disabled
 Compressed Oops: Enabled (Zero based)
 Heap Region Size: 2M
 Heap Min Capacity: 8M
 Heap Initial Capacity: 248M
 Heap Max Capacity: 3942M
 Pre-touch: Disabled
 Parallel Workers: 10
 Concurrent Workers: 3
 Concurrent Refinement Workers: 10
 Periodic GC: Disabled
Heap:
 garbage-first heap   total 253952K, used 100627K [0x0000000709a00000, 0x0000000800000000)
  region size 2048K, 2 young (4096K), 2 survivors (4096K)
 Metaspace       used 88714K, committed 89088K, reserved 1130496K
  class space    used 9465K, committed 9664K, reserved 1048576K
GC Heap History (20 events):
Event: 10.834 GC heap after
{Heap after GC invocations=21 (full 0):
 garbage-first heap   total 122880K, used 71876K [0x0000000709a00000, 0x0000000800000000)
  region size 2048K, 3 young (6144K), 3 survivors (6144K)
 Metaspace       used 71573K, committed 71872K, reserved 1114112K
  class space    used 7945K, committed 8064K, reserved 1048576K
}
Event: 11.226 GC heap before
{Heap before GC invocations=22 (full 0):
 garbage-first heap   total 133120K, used 96452K [0x0000000709a00000, 0x0000000800000000)
  region size 2048K, 15 young (30720K), 3 survivors (6144K)
 Metaspace       used 72774K, committed 73088K, reserved 1114112K
  class space    used 8059K, committed 8192K, reserved 1048576K
}
Event: 11.241 GC heap after
{Heap after GC invocations=23 (full 0):
 garbage-first heap   total 133120K, used 78801K [0x0000000709a00000, 0x0000000800000000)
  region size 2048K, 2 young (4096K), 2 survivors (4096K)
 Metaspace       used 72774K, committed 73088K, reserved 1114112K
  class space    used 8059K, committed 8192K, reserved 1048576K
}
Event: 11.579 GC heap before
{Heap before GC invocations=23 (full 0):
 garbage-first heap   total 133120K, used 103377K [0x0000000709a00000, 0x0000000800000000)
  region size 2048K, 14 young (28672K), 2 survivors (4096K)
 Metaspace       used 73581K, committed 73984K, reserved 1122304K
  class space    used 8117K, committed 8320K, reserved 1048576K
}
Event: 11.591 GC heap after
{Heap after GC invocations=24 (full 0):
 garbage-first heap   total 165888K, used 83149K [0x0000000709a00000, 0x0000000800000000)
  region size 2048K, 2 young (4096K), 2 survivors (4096K)
 Metaspace       used 73581K, committed 73984K, reserved 1122304K
  class space    used 8117K, committed 8320K, reserved 1048576K
}
Event: 12.547 GC heap before
{Heap before GC invocations=25 (full 0):
 garbage-first heap   total 165888K, used 128205K [0x0000000709a00000, 0x0000000800000000)
  region size 2048K, 24 young (49152K), 2 survivors (4096K)
 Metaspace       used 82127K, committed 82560K, reserved 1130496K
  class space    used 9081K, committed 9280K, reserved 1048576K
}
Event: 12.556 GC heap after
{Heap after GC invocations=26 (full 0):
 garbage-first heap   total 165888K, used 86453K [0x0000000709a00000, 0x0000000800000000)
  region size 2048K, 2 young (4096K), 2 survivors (4096K)
 Metaspace       used 82127K, committed 82560K, reserved 1130496K
  class space    used 9081K, committed 9280K, reserved 1048576K
}
Event: 13.117 GC heap before
{Heap before GC invocations=26 (full 0):
 garbage-first heap   total 165888K, used 127413K [0x0000000709a00000, 0x0000000800000000)
  region size 2048K, 22 young (45056K), 2 survivors (4096K)
 Metaspace       used 83449K, committed 83840K, reserved 1130496K
  class space    used 9122K, committed 9280K, reserved 1048576K
}
Event: 13.124 GC heap after
{Heap after GC invocations=27 (full 0):
 garbage-first heap   total 165888K, used 89746K [0x0000000709a00000, 0x0000000800000000)
  region size 2048K, 3 young (6144K), 3 survivors (6144K)
 Metaspace       used 83449K, committed 83840K, reserved 1130496K
  class space    used 9122K, committed 9280K, reserved 1048576K
}
Event: 13.752 GC heap before
{Heap before GC invocations=28 (full 0):
 garbage-first heap   total 165888K, used 130706K [0x0000000709a00000, 0x0000000800000000)
  region size 2048K, 23 young (47104K), 3 survivors (6144K)
 Metaspace       used 87891K, committed 88320K, reserved 1130496K
  class space    used 9459K, committed 9664K, reserved 1048576K
}
Event: 13.765 GC heap after
{Heap after GC invocations=29 (full 0):
 garbage-first heap   total 165888K, used 93147K [0x0000000709a00000, 0x0000000800000000)
  region size 2048K, 2 young (4096K), 2 survivors (4096K)
 Metaspace       used 87891K, committed 88320K, reserved 1130496K
  class space    used 9459K, committed 9664K, reserved 1048576K
}
Event: 13.780 GC heap before
{Heap before GC invocations=29 (full 0):
 garbage-first heap   total 165888K, used 97243K [0x0000000709a00000, 0x0000000800000000)
  region size 2048K, 4 young (8192K), 2 survivors (4096K)
 Metaspace       used 87895K, committed 88320K, reserved 1130496K
  class space    used 9459K, committed 9664K, reserved 1048576K
}
Event: 13.785 GC heap after
{Heap after GC invocations=30 (full 0):
 garbage-first heap   total 165888K, used 92756K [0x0000000709a00000, 0x0000000800000000)
  region size 2048K, 1 young (2048K), 1 survivors (2048K)
 Metaspace       used 87895K, committed 88320K, reserved 1130496K
  class space    used 9459K, committed 9664K, reserved 1048576K
}
Event: 14.156 GC heap before
{Heap before GC invocations=30 (full 0):
 garbage-first heap   total 165888K, used 131668K [0x0000000709a00000, 0x0000000800000000)
  region size 2048K, 20 young (40960K), 1 survivors (2048K)
 Metaspace       used 88348K, committed 88768K, reserved 1130496K
  class space    used 9462K, committed 9664K, reserved 1048576K
}
Event: 14.163 GC heap after
{Heap after GC invocations=31 (full 0):
 garbage-first heap   total 165888K, used 94507K [0x0000000709a00000, 0x0000000800000000)
  region size 2048K, 2 young (4096K), 2 survivors (4096K)
 Metaspace       used 88348K, committed 88768K, reserved 1130496K
  class space    used 9462K, committed 9664K, reserved 1048576K
}
Event: 14.715 GC heap before
{Heap before GC invocations=32 (full 0):
 garbage-first heap   total 167936K, used 131371K [0x0000000709a00000, 0x0000000800000000)
  region size 2048K, 20 young (40960K), 2 survivors (4096K)
 Metaspace       used 88651K, committed 89024K, reserved 1130496K
  class space    used 9465K, committed 9664K, reserved 1048576K
}
Event: 14.722 GC heap after
{Heap after GC invocations=33 (full 0):
 garbage-first heap   total 167936K, used 98542K [0x0000000709a00000, 0x0000000800000000)
  region size 2048K, 3 young (6144K), 3 survivors (6144K)
 Metaspace       used 88651K, committed 89024K, reserved 1130496K
  class space    used 9465K, committed 9664K, reserved 1048576K
}
Event: 14.724 GC heap before
{Heap before GC invocations=33 (full 0):
 garbage-first heap   total 167936K, used 100590K [0x0000000709a00000, 0x0000000800000000)
  region size 2048K, 4 young (8192K), 3 survivors (6144K)
 Metaspace       used 88651K, committed 89024K, reserved 1130496K
  class space    used 9465K, committed 9664K, reserved 1048576K
}
Event: 14.733 GC heap after
{Heap after GC invocations=34 (full 0):
 garbage-first heap   total 167936K, used 98952K [0x0000000709a00000, 0x0000000800000000)
  region size 2048K, 1 young (2048K), 1 survivors (2048K)
 Metaspace       used 88651K, committed 89024K, reserved 1130496K
  class space    used 9465K, committed 9664K, reserved 1048576K
}
Event: 14.928 GC heap before
{Heap before GC invocations=34 (full 0):
 garbage-first heap   total 167936K, used 135816K [0x0000000709a00000, 0x0000000800000000)
  region size 2048K, 19 young (38912K), 1 survivors (2048K)
 Metaspace       used 88714K, committed 89088K, reserved 1130496K
  class space    used 9465K, committed 9664K, reserved 1048576K
}

